Processing page: https://results.eci.gov.in/AcResultGenDecNew2023/candidateswise-S201.htm
Processing page: https://results.eci.gov.in/AcResultGenDecNew2023/candidateswise-S2010.htm
Failed to get content from https://results.eci.gov.in/AcResultGenDecNew2023/candidateswise-S2010.htm: Peer sent fatal TLS alert: Internal error
=========================== logs ===========================
navigating to "https://results.eci.gov.in/AcResultGenDecNew2023/candidateswise-S2010.htm", waiting until "load"
============================================================
Processing page: https://results.eci.gov.in/AcResultGenDecNew2023/candidateswise-S20100.htm
Processing page: https://results.eci.gov.in/AcResultGenDecNew2023/candidateswise-S20101.htm
Processing page: https://results.eci.gov.in/AcResultGenDecNew2023/candidateswise-S20102.htm
Processing page: https://results.eci.gov.in/AcResultGenDecNew2023/candidateswise-S20103.htm
Processing page: https://results.eci.gov.in/AcResultGenDecNew2023/candidateswise-S20104.htm
Processing page: https://results.eci.gov.in/AcResultGenDecNew2023/candidateswise-S20105.htm
Processing page: https://results.eci.gov.in/AcResultGenDecNew2023/candidateswise-S20106.htm
Processing page: https://results.eci.gov.in/AcResultGenDecNew2023/candidateswise-S20107.htm
Processing page: https://results.eci.gov.in/AcResultGenDecNew2023/candidateswise-S20108.htm
Processing page: https://results.eci.gov.in/AcResultGenDecNew2023/candidateswise-S20109.htm
Processing page: https://results.eci.gov.in/AcResultGenDecNew2023/candidateswise-S2011.htm
Processing page: https://results.eci.gov.in/AcResultGenDecNew2023/candidateswise-S20110.htm
Processing page: https://results.eci.gov.in/AcResultGenDecNew2023/candidateswise-S20111.htm
Processing page: https://results.eci.gov.in/AcResultGenDecNew2023/candidateswise-S20112.htm
Processing page: https://results.eci.gov.in/AcResultGenDecNew2023/candidateswise-S20113.htm
Processing page: https://results.eci.gov.in/AcResultGenDecNew2023/candidateswise-S20114.htm
Processing page: https://results.eci.gov.in/AcResultGenDecNew2023/candidateswise-S20115.htm
Processing page: https://results.eci.gov.in/AcResultGenDecNew2023/candidateswise-S20116.htm
Processing page: https://results.eci.gov.in/AcResultGenDecNew2023/candidateswise-S20117.htm
Processing page: https://results.eci.gov.in/AcResultGenDecNew2023/candidateswise-S20118.htm
Processing page: https://results.eci.gov.in/AcResultGenDecNew2023/candidateswise-S20119.htm
Processing page: https://results.eci.gov.in/AcResultGenDecNew2023/candidateswise-S2012.htm
Processing page: https://results.eci.gov.in/AcResultGenDecNew2023/candidateswise-S20120.htm
Processing page: https://results.eci.gov.in/AcResultGenDecNew2023/candidateswise-S20121.htm
Processing page: https://results.eci.gov.in/AcResultGenDecNew2023/candidateswise-S20122.htm
Processing page: https://results.eci.gov.in/AcResultGenDecNew2023/candidateswise-S20123.htm
Processing page: https://results.eci.gov.in/AcResultGenDecNew2023/candidateswise-S20124.htm
Processing page: https://results.eci.gov.in/AcResultGenDecNew2023/candidateswise-S20125.htm
Processing page: https://results.eci.gov.in/AcResultGenDecNew2023/candidateswise-S20126.htm
Processing page: https://results.eci.gov.in/AcResultGenDecNew2023/candidateswise-S20127.htm
Processing page: https://results.eci.gov.in/AcResultGenDecNew2023/candidateswise-S20128.htm
Processing page: https://results.eci.gov.in/AcResultGenDecNew2023/candidateswise-S20129.htm
Processing page: https://results.eci.gov.in/AcResultGenDecNew2023/candidateswise-S2013.htm
Processing page: https://results.eci.gov.in/AcResultGenDecNew2023/candidateswise-S20130.htm
Processing page: https://results.eci.gov.in/AcResultGenDecNew2023/candidateswise-S20131.htm
Processing page: https://results.eci.gov.in/AcResultGenDecNew2023/candidateswise-S20132.htm
Processing page: https://results.eci.gov.in/AcResultGenDecNew2023/candidateswise-S20133.htm
Processing page: https://results.eci.gov.in/AcResultGenDecNew2023/candidateswise-S20134.htm
Processing page: https://results.eci.gov.in/AcResultGenDecNew2023/candidateswise-S20135.htm
Processing page: https://results.eci.gov.in/AcResultGenDecNew2023/candidateswise-S20136.htm
Processing page: https://results.eci.gov.in/AcResultGenDecNew2023/candidateswise-S20137.htm
Processing page: https://results.eci.gov.in/AcResultGenDecNew2023/candidateswise-S20138.htm
Processing page: https://results.eci.gov.in/AcResultGenDecNew2023/candidateswise-S20139.htm
Processing page: https://results.eci.gov.in/AcResultGenDecNew2023/candidateswise-S2014.htm
Processing page: https://results.eci.gov.in/AcResultGenDecNew2023/candidateswise-S20140.htm
Processing page: https://results.eci.gov.in/AcResultGenDecNew2023/candidateswise-S20141.htm
Processing page: https://results.eci.gov.in/AcResultGenDecNew2023/candidateswise-S20142.htm
Processing page: https://results.eci.gov.in/AcResultGenDecNew2023/candidateswise-S20143.htm
Processing page: https://results.eci.gov.in/AcResultGenDecNew2023/candidateswise-S20144.htm
Processing page: https://results.eci.gov.in/AcResultGenDecNew2023/candidateswise-S20145.htm
Processing page: https://results.eci.gov.in/AcResultGenDecNew2023/candidateswise-S20146.htm
Processing page: https://results.eci.gov.in/AcResultGenDecNew2023/candidateswise-S20147.htm
Processing page: https://results.eci.gov.in/AcResultGenDecNew2023/candidateswise-S20148.htm
Processing page: https://results.eci.gov.in/AcResultGenDecNew2023/candidateswise-S20149.htm
Processing page: https://results.eci.gov.in/AcResultGenDecNew2023/candidateswise-S2015.htm
Processing page: https://results.eci.gov.in/AcResultGenDecNew2023/candidateswise-S20150.htm
Processing page: https://results.eci.gov.in/AcResultGenDecNew2023/candidateswise-S20151.htm
Processing page: https://results.eci.gov.in/AcResultGenDecNew2023/candidateswise-S20152.htm
Processing page: https://results.eci.gov.in/AcResultGenDecNew2023/candidateswise-S20153.htm
Processing page: https://results.eci.gov.in/AcResultGenDecNew2023/candidateswise-S20154.htm
Processing page: https://results.eci.gov.in/AcResultGenDecNew2023/candidateswise-S20155.htm
Processing page: https://results.eci.gov.in/AcResultGenDecNew2023/candidateswise-S20156.htm
Processing page: https://results.eci.gov.in/AcResultGenDecNew2023/candidateswise-S20157.htm
Processing page: https://results.eci.gov.in/AcResultGenDecNew2023/candidateswise-S20158.htm
Processing page: https://results.eci.gov.in/AcResultGenDecNew2023/candidateswise-S20159.htm
Processing page: https://results.eci.gov.in/AcResultGenDecNew2023/candidateswise-S2016.htm
Processing page: https://results.eci.gov.in/AcResultGenDecNew2023/candidateswise-S20160.htm
Processing page: https://results.eci.gov.in/AcResultGenDecNew2023/candidateswise-S20161.htm
Processing page: https://results.eci.gov.in/AcResultGenDecNew2023/candidateswise-S20162.htm
Processing page: https://results.eci.gov.in/AcResultGenDecNew2023/candidateswise-S20163.htm
Processing page: https://results.eci.gov.in/AcResultGenDecNew2023/candidateswise-S20164.htm
Processing page: https://results.eci.gov.in/AcResultGenDecNew2023/candidateswise-S20165.htm
Processing page: https://results.eci.gov.in/AcResultGenDecNew2023/candidateswise-S20166.htm
Processing page: https://results.eci.gov.in/AcResultGenDecNew2023/candidateswise-S20167.htm
Processing page: https://results.eci.gov.in/AcResultGenDecNew2023/candidateswise-S20168.htm
Processing page: https://results.eci.gov.in/AcResultGenDecNew2023/candidateswise-S20169.htm
Processing page: https://results.eci.gov.in/AcResultGenDecNew2023/candidateswise-S2017.htm
Processing page: https://results.eci.gov.in/AcResultGenDecNew2023/candidateswise-S20170.htm
Processing page: https://results.eci.gov.in/AcResultGenDecNew2023/candidateswise-S20171.htm
Processing page: https://results.eci.gov.in/AcResultGenDecNew2023/candidateswise-S20172.htm
Processing page: https://results.eci.gov.in/AcResultGenDecNew2023/candidateswise-S20173.htm
Processing page: https://results.eci.gov.in/AcResultGenDecNew2023/candidateswise-S20174.htm
Processing page: https://results.eci.gov.in/AcResultGenDecNew2023/candidateswise-S20175.htm
Processing page: https://results.eci.gov.in/AcResultGenDecNew2023/candidateswise-S20176.htm
Processing page: https://results.eci.gov.in/AcResultGenDecNew2023/candidateswise-S20177.htm
Processing page: https://results.eci.gov.in/AcResultGenDecNew2023/candidateswise-S20178.htm
Processing page: https://results.eci.gov.in/AcResultGenDecNew2023/candidateswise-S20179.htm
Processing page: https://results.eci.gov.in/AcResultGenDecNew2023/candidateswise-S2018.htm
Processing page: https://results.eci.gov.in/AcResultGenDecNew2023/candidateswise-S20180.htm
Processing page: https://results.eci.gov.in/AcResultGenDecNew2023/candidateswise-S20181.htm
Processing page: https://results.eci.gov.in/AcResultGenDecNew2023/candidateswise-S20182.htm
Processing page: https://results.eci.gov.in/AcResultGenDecNew2023/candidateswise-S20183.htm
Processing page: https://results.eci.gov.in/AcResultGenDecNew2023/candidateswise-S20184.htm
Processing page: https://results.eci.gov.in/AcResultGenDecNew2023/candidateswise-S20185.htm
Processing page: https://results.eci.gov.in/AcResultGenDecNew2023/candidateswise-S20186.htm
Processing page: https://results.eci.gov.in/AcResultGenDecNew2023/candidateswise-S20187.htm
Processing page: https://results.eci.gov.in/AcResultGenDecNew2023/candidateswise-S20188.htm
Processing page: https://results.eci.gov.in/AcResultGenDecNew2023/candidateswise-S20189.htm
Processing page: https://results.eci.gov.in/AcResultGenDecNew2023/candidateswise-S2019.htm
Processing page: https://results.eci.gov.in/AcResultGenDecNew2023/candidateswise-S20190.htm
Processing page: https://results.eci.gov.in/AcResultGenDecNew2023/candidateswise-S20191.htm
Processing page: https://results.eci.gov.in/AcResultGenDecNew2023/candidateswise-S20192.htm
Processing page: https://results.eci.gov.in/AcResultGenDecNew2023/candidateswise-S20193.htm
Processing page: https://results.eci.gov.in/AcResultGenDecNew2023/candidateswise-S20194.htm
Processing page: https://results.eci.gov.in/AcResultGenDecNew2023/candidateswise-S20195.htm
Processing page: https://results.eci.gov.in/AcResultGenDecNew2023/candidateswise-S20196.htm
Processing page: https://results.eci.gov.in/AcResultGenDecNew2023/candidateswise-S20197.htm
Processing page: https://results.eci.gov.in/AcResultGenDecNew2023/candidateswise-S20198.htm
Processing page: https://results.eci.gov.in/AcResultGenDecNew2023/candidateswise-S20199.htm
Processing page: https://results.eci.gov.in/AcResultGenDecNew2023/candidateswise-S202.htm
Processing page: https://results.eci.gov.in/AcResultGenDecNew2023/candidateswise-S2020.htm
Processing page: https://results.eci.gov.in/AcResultGenDecNew2023/candidateswise-S20200.htm
Processing page: https://results.eci.gov.in/AcResultGenDecNew2023/candidateswise-S2021.htm
Processing page: https://results.eci.gov.in/AcResultGenDecNew2023/candidateswise-S2022.htm
Processing page: https://results.eci.gov.in/AcResultGenDecNew2023/candidateswise-S2023.htm
Processing page: https://results.eci.gov.in/AcResultGenDecNew2023/candidateswise-S2024.htm
Processing page: https://results.eci.gov.in/AcResultGenDecNew2023/candidateswise-S2025.htm
Processing page: https://results.eci.gov.in/AcResultGenDecNew2023/candidateswise-S2026.htm
Processing page: https://results.eci.gov.in/AcResultGenDecNew2023/candidateswise-S2027.htm
Processing page: https://results.eci.gov.in/AcResultGenDecNew2023/candidateswise-S2028.htm
Processing page: https://results.eci.gov.in/AcResultGenDecNew2023/candidateswise-S2029.htm
Processing page: https://results.eci.gov.in/AcResultGenDecNew2023/candidateswise-S2030.htm
Processing page: https://results.eci.gov.in/AcResultGenDecNew2023/candidateswise-S2031.htm
Processing page: https://results.eci.gov.in/AcResultGenDecNew2023/candidateswise-S2032.htm
Processing page: https://results.eci.gov.in/AcResultGenDecNew2023/candidateswise-S2033.htm
Processing page: https://results.eci.gov.in/AcResultGenDecNew2023/candidateswise-S2034.htm
Processing page: https://results.eci.gov.in/AcResultGenDecNew2023/candidateswise-S2035.htm
Processing page: https://results.eci.gov.in/AcResultGenDecNew2023/candidateswise-S2036.htm
Processing page: https://results.eci.gov.in/AcResultGenDecNew2023/candidateswise-S2037.htm
Processing page: https://results.eci.gov.in/AcResultGenDecNew2023/candidateswise-S2038.htm
Processing page: https://results.eci.gov.in/AcResultGenDecNew2023/candidateswise-S2039.htm
Processing page: https://results.eci.gov.in/AcResultGenDecNew2023/candidateswise-S204.htm
Processing page: https://results.eci.gov.in/AcResultGenDecNew2023/candidateswise-S2040.htm
Processing page: https://results.eci.gov.in/AcResultGenDecNew2023/candidateswise-S2041.htm
Processing page: https://results.eci.gov.in/AcResultGenDecNew2023/candidateswise-S2042.htm
Processing page: https://results.eci.gov.in/AcResultGenDecNew2023/candidateswise-S2043.htm
Processing page: https://results.eci.gov.in/AcResultGenDecNew2023/candidateswise-S2044.htm
Processing page: https://results.eci.gov.in/AcResultGenDecNew2023/candidateswise-S2045.htm
Processing page: https://results.eci.gov.in/AcResultGenDecNew2023/candidateswise-S2046.htm
Processing page: https://results.eci.gov.in/AcResultGenDecNew2023/candidateswise-S2047.htm
Processing page: https://results.eci.gov.in/AcResultGenDecNew2023/candidateswise-S2048.htm
Processing page: https://results.eci.gov.in/AcResultGenDecNew2023/candidateswise-S2049.htm
Processing page: https://results.eci.gov.in/AcResultGenDecNew2023/candidateswise-S205.htm
Processing page: https://results.eci.gov.in/AcResultGenDecNew2023/candidateswise-S2050.htm
Processing page: https://results.eci.gov.in/AcResultGenDecNew2023/candidateswise-S2051.htm
Processing page: https://results.eci.gov.in/AcResultGenDecNew2023/candidateswise-S2052.htm
Processing page: https://results.eci.gov.in/AcResultGenDecNew2023/candidateswise-S2053.htm
Processing page: https://results.eci.gov.in/AcResultGenDecNew2023/candidateswise-S2054.htm
Processing page: https://results.eci.gov.in/AcResultGenDecNew2023/candidateswise-S2055.htm
Processing page: https://results.eci.gov.in/AcResultGenDecNew2023/candidateswise-S2056.htm
Processing page: https://results.eci.gov.in/AcResultGenDecNew2023/candidateswise-S2057.htm
Processing page: https://results.eci.gov.in/AcResultGenDecNew2023/candidateswise-S2058.htm
Processing page: https://results.eci.gov.in/AcResultGenDecNew2023/candidateswise-S2059.htm
Processing page: https://results.eci.gov.in/AcResultGenDecNew2023/candidateswise-S206.htm
Processing page: https://results.eci.gov.in/AcResultGenDecNew2023/candidateswise-S2060.htm
Processing page: https://results.eci.gov.in/AcResultGenDecNew2023/candidateswise-S2061.htm
Processing page: https://results.eci.gov.in/AcResultGenDecNew2023/candidateswise-S2062.htm
Processing page: https://results.eci.gov.in/AcResultGenDecNew2023/candidateswise-S2063.htm
Processing page: https://results.eci.gov.in/AcResultGenDecNew2023/candidateswise-S2064.htm
Processing page: https://results.eci.gov.in/AcResultGenDecNew2023/candidateswise-S2065.htm
Processing page: https://results.eci.gov.in/AcResultGenDecNew2023/candidateswise-S2066.htm
Processing page: https://results.eci.gov.in/AcResultGenDecNew2023/candidateswise-S2067.htm
Processing page: https://results.eci.gov.in/AcResultGenDecNew2023/candidateswise-S2068.htm
Processing page: https://results.eci.gov.in/AcResultGenDecNew2023/candidateswise-S2069.htm
Processing page: https://results.eci.gov.in/AcResultGenDecNew2023/candidateswise-S207.htm
Processing page: https://results.eci.gov.in/AcResultGenDecNew2023/candidateswise-S2070.htm
Processing page: https://results.eci.gov.in/AcResultGenDecNew2023/candidateswise-S2071.htm
Processing page: https://results.eci.gov.in/AcResultGenDecNew2023/candidateswise-S2072.htm
Processing page: https://results.eci.gov.in/AcResultGenDecNew2023/candidateswise-S2073.htm
Processing page: https://results.eci.gov.in/AcResultGenDecNew2023/candidateswise-S2074.htm
Processing page: https://results.eci.gov.in/AcResultGenDecNew2023/candidateswise-S2075.htm
Processing page: https://results.eci.gov.in/AcResultGenDecNew2023/candidateswise-S2076.htm
Processing page: https://results.eci.gov.in/AcResultGenDecNew2023/candidateswise-S2077.htm
Processing page: https://results.eci.gov.in/AcResultGenDecNew2023/candidateswise-S2078.htm
Processing page: https://results.eci.gov.in/AcResultGenDecNew2023/candidateswise-S2079.htm
Processing page: https://results.eci.gov.in/AcResultGenDecNew2023/candidateswise-S208.htm
Processing page: https://results.eci.gov.in/AcResultGenDecNew2023/candidateswise-S2080.htm
Processing page: https://results.eci.gov.in/AcResultGenDecNew2023/candidateswise-S2081.htm
Processing page: https://results.eci.gov.in/AcResultGenDecNew2023/candidateswise-S2082.htm
Processing page: https://results.eci.gov.in/AcResultGenDecNew2023/candidateswise-S2083.htm
Processing page: https://results.eci.gov.in/AcResultGenDecNew2023/candidateswise-S2084.htm
Processing page: https://results.eci.gov.in/AcResultGenDecNew2023/candidateswise-S2085.htm
Processing page: https://results.eci.gov.in/AcResultGenDecNew2023/candidateswise-S2086.htm
Processing page: https://results.eci.gov.in/AcResultGenDecNew2023/candidateswise-S2087.htm
Processing page: https://results.eci.gov.in/AcResultGenDecNew2023/candidateswise-S2088.htm
Processing page: https://results.eci.gov.in/AcResultGenDecNew2023/candidateswise-S2089.htm
Processing page: https://results.eci.gov.in/AcResultGenDecNew2023/candidateswise-S209.htm
Processing page: https://results.eci.gov.in/AcResultGenDecNew2023/candidateswise-S2090.htm
Processing page: https://results.eci.gov.in/AcResultGenDecNew2023/candidateswise-S2091.htm
Processing page: https://results.eci.gov.in/AcResultGenDecNew2023/candidateswise-S2092.htm
Processing page: https://results.eci.gov.in/AcResultGenDecNew2023/candidateswise-S2093.htm
Processing page: https://results.eci.gov.in/AcResultGenDecNew2023/candidateswise-S2094.htm
Processing page: https://results.eci.gov.in/AcResultGenDecNew2023/candidateswise-S2095.htm
Processing page: https://results.eci.gov.in/AcResultGenDecNew2023/candidateswise-S2096.htm
Processing page: https://results.eci.gov.in/AcResultGenDecNew2023/candidateswise-S2097.htm
Processing page: https://results.eci.gov.in/AcResultGenDecNew2023/candidateswise-S2098.htm
Processing page: https://results.eci.gov.in/AcResultGenDecNew2023/candidateswise-S2099.htm
Processing page: https://results.eci.gov.in/AcResultGenDecNew2023/candidateswise-S121.htm
Processing page: https://results.eci.gov.in/AcResultGenDecNew2023/candidateswise-S1210.htm
Processing page: https://results.eci.gov.in/AcResultGenDecNew2023/candidateswise-S12100.htm
Processing page: https://results.eci.gov.in/AcResultGenDecNew2023/candidateswise-S12101.htm
Processing page: https://results.eci.gov.in/AcResultGenDecNew2023/candidateswise-S12102.htm
Processing page: https://results.eci.gov.in/AcResultGenDecNew2023/candidateswise-S12103.htm
Processing page: https://results.eci.gov.in/AcResultGenDecNew2023/candidateswise-S12104.htm
Processing page: https://results.eci.gov.in/AcResultGenDecNew2023/candidateswise-S12105.htm
Processing page: https://results.eci.gov.in/AcResultGenDecNew2023/candidateswise-S12106.htm
Processing page: https://results.eci.gov.in/AcResultGenDecNew2023/candidateswise-S12107.htm
Processing page: https://results.eci.gov.in/AcResultGenDecNew2023/candidateswise-S12108.htm
Processing page: https://results.eci.gov.in/AcResultGenDecNew2023/candidateswise-S12109.htm
Processing page: https://results.eci.gov.in/AcResultGenDecNew2023/candidateswise-S1211.htm
Processing page: https://results.eci.gov.in/AcResultGenDecNew2023/candidateswise-S12110.htm
Processing page: https://results.eci.gov.in/AcResultGenDecNew2023/candidateswise-S12111.htm
Processing page: https://results.eci.gov.in/AcResultGenDecNew2023/candidateswise-S12112.htm
Processing page: https://results.eci.gov.in/AcResultGenDecNew2023/candidateswise-S12113.htm
Processing page: https://results.eci.gov.in/AcResultGenDecNew2023/candidateswise-S12114.htm
Processing page: https://results.eci.gov.in/AcResultGenDecNew2023/candidateswise-S12115.htm
Processing page: https://results.eci.gov.in/AcResultGenDecNew2023/candidateswise-S12116.htm
Processing page: https://results.eci.gov.in/AcResultGenDecNew2023/candidateswise-S12117.htm
Processing page: https://results.eci.gov.in/AcResultGenDecNew2023/candidateswise-S12118.htm
Processing page: https://results.eci.gov.in/AcResultGenDecNew2023/candidateswise-S12119.htm
Processing page: https://results.eci.gov.in/AcResultGenDecNew2023/candidateswise-S1212.htm
Processing page: https://results.eci.gov.in/AcResultGenDecNew2023/candidateswise-S12120.htm
Processing page: https://results.eci.gov.in/AcResultGenDecNew2023/candidateswise-S12121.htm
Processing page: https://results.eci.gov.in/AcResultGenDecNew2023/candidateswise-S12122.htm
Processing page: https://results.eci.gov.in/AcResultGenDecNew2023/candidateswise-S12123.htm
Processing page: https://results.eci.gov.in/AcResultGenDecNew2023/candidateswise-S12124.htm
Processing page: https://results.eci.gov.in/AcResultGenDecNew2023/candidateswise-S12125.htm
Processing page: https://results.eci.gov.in/AcResultGenDecNew2023/candidateswise-S12126.htm
Processing page: https://results.eci.gov.in/AcResultGenDecNew2023/candidateswise-S12127.htm
Processing page: https://results.eci.gov.in/AcResultGenDecNew2023/candidateswise-S12128.htm
Processing page: https://results.eci.gov.in/AcResultGenDecNew2023/candidateswise-S12129.htm
Processing page: https://results.eci.gov.in/AcResultGenDecNew2023/candidateswise-S1213.htm
Processing page: https://results.eci.gov.in/AcResultGenDecNew2023/candidateswise-S12130.htm
Processing page: https://results.eci.gov.in/AcResultGenDecNew2023/candidateswise-S12131.htm
Processing page: https://results.eci.gov.in/AcResultGenDecNew2023/candidateswise-S12132.htm
Processing page: https://results.eci.gov.in/AcResultGenDecNew2023/candidateswise-S12133.htm
Processing page: https://results.eci.gov.in/AcResultGenDecNew2023/candidateswise-S12134.htm
Processing page: https://results.eci.gov.in/AcResultGenDecNew2023/candidateswise-S12135.htm
Processing page: https://results.eci.gov.in/AcResultGenDecNew2023/candidateswise-S12136.htm
Processing page: https://results.eci.gov.in/AcResultGenDecNew2023/candidateswise-S12137.htm
Processing page: https://results.eci.gov.in/AcResultGenDecNew2023/candidateswise-S12138.htm
Processing page: https://results.eci.gov.in/AcResultGenDecNew2023/candidateswise-S12139.htm
Processing page: https://results.eci.gov.in/AcResultGenDecNew2023/candidateswise-S1214.htm
Processing page: https://results.eci.gov.in/AcResultGenDecNew2023/candidateswise-S12140.htm
Processing page: https://results.eci.gov.in/AcResultGenDecNew2023/candidateswise-S12141.htm
Processing page: https://results.eci.gov.in/AcResultGenDecNew2023/candidateswise-S12142.htm
Processing page: https://results.eci.gov.in/AcResultGenDecNew2023/candidateswise-S12143.htm
Processing page: https://results.eci.gov.in/AcResultGenDecNew2023/candidateswise-S12144.htm
Processing page: https://results.eci.gov.in/AcResultGenDecNew2023/candidateswise-S12145.htm
Processing page: https://results.eci.gov.in/AcResultGenDecNew2023/candidateswise-S12146.htm
Processing page: https://results.eci.gov.in/AcResultGenDecNew2023/candidateswise-S12147.htm
Processing page: https://results.eci.gov.in/AcResultGenDecNew2023/candidateswise-S12148.htm
Processing page: https://results.eci.gov.in/AcResultGenDecNew2023/candidateswise-S12149.htm
Processing page: https://results.eci.gov.in/AcResultGenDecNew2023/candidateswise-S1215.htm
Processing page: https://results.eci.gov.in/AcResultGenDecNew2023/candidateswise-S12150.htm
Processing page: https://results.eci.gov.in/AcResultGenDecNew2023/candidateswise-S12151.htm
Processing page: https://results.eci.gov.in/AcResultGenDecNew2023/candidateswise-S12152.htm
Processing page: https://results.eci.gov.in/AcResultGenDecNew2023/candidateswise-S12153.htm
Processing page: https://results.eci.gov.in/AcResultGenDecNew2023/candidateswise-S12154.htm
Processing page: https://results.eci.gov.in/AcResultGenDecNew2023/candidateswise-S12155.htm
Processing page: https://results.eci.gov.in/AcResultGenDecNew2023/candidateswise-S12156.htm
Processing page: https://results.eci.gov.in/AcResultGenDecNew2023/candidateswise-S12157.htm
Processing page: https://results.eci.gov.in/AcResultGenDecNew2023/candidateswise-S12158.htm
Processing page: https://results.eci.gov.in/AcResultGenDecNew2023/candidateswise-S12159.htm
Processing page: https://results.eci.gov.in/AcResultGenDecNew2023/candidateswise-S1216.htm
Processing page: https://results.eci.gov.in/AcResultGenDecNew2023/candidateswise-S12160.htm
Processing page: https://results.eci.gov.in/AcResultGenDecNew2023/candidateswise-S12161.htm
Processing page: https://results.eci.gov.in/AcResultGenDecNew2023/candidateswise-S12162.htm
Processing page: https://results.eci.gov.in/AcResultGenDecNew2023/candidateswise-S12163.htm
Processing page: https://results.eci.gov.in/AcResultGenDecNew2023/candidateswise-S12164.htm
Processing page: https://results.eci.gov.in/AcResultGenDecNew2023/candidateswise-S12165.htm
Processing page: https://results.eci.gov.in/AcResultGenDecNew2023/candidateswise-S12166.htm
Processing page: https://results.eci.gov.in/AcResultGenDecNew2023/candidateswise-S12167.htm
Processing page: https://results.eci.gov.in/AcResultGenDecNew2023/candidateswise-S12168.htm
Processing page: https://results.eci.gov.in/AcResultGenDecNew2023/candidateswise-S12169.htm
Processing page: https://results.eci.gov.in/AcResultGenDecNew2023/candidateswise-S1217.htm
Processing page: https://results.eci.gov.in/AcResultGenDecNew2023/candidateswise-S12170.htm
Processing page: https://results.eci.gov.in/AcResultGenDecNew2023/candidateswise-S12171.htm
Processing page: https://results.eci.gov.in/AcResultGenDecNew2023/candidateswise-S12172.htm
Processing page: https://results.eci.gov.in/AcResultGenDecNew2023/candidateswise-S12173.htm
Processing page: https://results.eci.gov.in/AcResultGenDecNew2023/candidateswise-S12174.htm
Processing page: https://results.eci.gov.in/AcResultGenDecNew2023/candidateswise-S12175.htm
Processing page: https://results.eci.gov.in/AcResultGenDecNew2023/candidateswise-S12176.htm
Processing page: https://results.eci.gov.in/AcResultGenDecNew2023/candidateswise-S12177.htm
Processing page: https://results.eci.gov.in/AcResultGenDecNew2023/candidateswise-S12178.htm
Processing page: https://results.eci.gov.in/AcResultGenDecNew2023/candidateswise-S12179.htm
Processing page: https://results.eci.gov.in/AcResultGenDecNew2023/candidateswise-S1218.htm
Processing page: https://results.eci.gov.in/AcResultGenDecNew2023/candidateswise-S12180.htm
Processing page: https://results.eci.gov.in/AcResultGenDecNew2023/candidateswise-S12181.htm
Processing page: https://results.eci.gov.in/AcResultGenDecNew2023/candidateswise-S12182.htm
Processing page: https://results.eci.gov.in/AcResultGenDecNew2023/candidateswise-S12183.htm
Processing page: https://results.eci.gov.in/AcResultGenDecNew2023/candidateswise-S12184.htm
Processing page: https://results.eci.gov.in/AcResultGenDecNew2023/candidateswise-S12185.htm
Processing page: https://results.eci.gov.in/AcResultGenDecNew2023/candidateswise-S12186.htm
Processing page: https://results.eci.gov.in/AcResultGenDecNew2023/candidateswise-S12187.htm
Processing page: https://results.eci.gov.in/AcResultGenDecNew2023/candidateswise-S12188.htm
Processing page: https://results.eci.gov.in/AcResultGenDecNew2023/candidateswise-S12189.htm
Processing page: https://results.eci.gov.in/AcResultGenDecNew2023/candidateswise-S1219.htm
Processing page: https://results.eci.gov.in/AcResultGenDecNew2023/candidateswise-S12190.htm
Processing page: https://results.eci.gov.in/AcResultGenDecNew2023/candidateswise-S12191.htm
Processing page: https://results.eci.gov.in/AcResultGenDecNew2023/candidateswise-S12192.htm
Processing page: https://results.eci.gov.in/AcResultGenDecNew2023/candidateswise-S12193.htm
Processing page: https://results.eci.gov.in/AcResultGenDecNew2023/candidateswise-S12194.htm
Processing page: https://results.eci.gov.in/AcResultGenDecNew2023/candidateswise-S12195.htm
Processing page: https://results.eci.gov.in/AcResultGenDecNew2023/candidateswise-S12196.htm
Processing page: https://results.eci.gov.in/AcResultGenDecNew2023/candidateswise-S12197.htm
Processing page: https://results.eci.gov.in/AcResultGenDecNew2023/candidateswise-S12198.htm
Processing page: https://results.eci.gov.in/AcResultGenDecNew2023/candidateswise-S12199.htm
Processing page: https://results.eci.gov.in/AcResultGenDecNew2023/candidateswise-S122.htm
Processing page: https://results.eci.gov.in/AcResultGenDecNew2023/candidateswise-S1220.htm
Processing page: https://results.eci.gov.in/AcResultGenDecNew2023/candidateswise-S12200.htm
Processing page: https://results.eci.gov.in/AcResultGenDecNew2023/candidateswise-S12201.htm
Processing page: https://results.eci.gov.in/AcResultGenDecNew2023/candidateswise-S12202.htm
Processing page: https://results.eci.gov.in/AcResultGenDecNew2023/candidateswise-S12203.htm
Processing page: https://results.eci.gov.in/AcResultGenDecNew2023/candidateswise-S12204.htm
Processing page: https://results.eci.gov.in/AcResultGenDecNew2023/candidateswise-S12205.htm
Processing page: https://results.eci.gov.in/AcResultGenDecNew2023/candidateswise-S12206.htm
Processing page: https://results.eci.gov.in/AcResultGenDecNew2023/candidateswise-S12207.htm
Processing page: https://results.eci.gov.in/AcResultGenDecNew2023/candidateswise-S12208.htm
Processing page: https://results.eci.gov.in/AcResultGenDecNew2023/candidateswise-S12209.htm
Processing page: https://results.eci.gov.in/AcResultGenDecNew2023/candidateswise-S1221.htm
Processing page: https://results.eci.gov.in/AcResultGenDecNew2023/candidateswise-S12210.htm
Processing page: https://results.eci.gov.in/AcResultGenDecNew2023/candidateswise-S12211.htm
Processing page: https://results.eci.gov.in/AcResultGenDecNew2023/candidateswise-S12212.htm
Processing page: https://results.eci.gov.in/AcResultGenDecNew2023/candidateswise-S12213.htm
Processing page: https://results.eci.gov.in/AcResultGenDecNew2023/candidateswise-S12214.htm
Processing page: https://results.eci.gov.in/AcResultGenDecNew2023/candidateswise-S12215.htm
Processing page: https://results.eci.gov.in/AcResultGenDecNew2023/candidateswise-S12216.htm
Processing page: https://results.eci.gov.in/AcResultGenDecNew2023/candidateswise-S12217.htm
Processing page: https://results.eci.gov.in/AcResultGenDecNew2023/candidateswise-S12218.htm
Processing page: https://results.eci.gov.in/AcResultGenDecNew2023/candidateswise-S12219.htm
Processing page: https://results.eci.gov.in/AcResultGenDecNew2023/candidateswise-S1222.htm
Processing page: https://results.eci.gov.in/AcResultGenDecNew2023/candidateswise-S12220.htm
Processing page: https://results.eci.gov.in/AcResultGenDecNew2023/candidateswise-S12221.htm
Processing page: https://results.eci.gov.in/AcResultGenDecNew2023/candidateswise-S12222.htm
Processing page: https://results.eci.gov.in/AcResultGenDecNew2023/candidateswise-S12223.htm
Processing page: https://results.eci.gov.in/AcResultGenDecNew2023/candidateswise-S12224.htm
Processing page: https://results.eci.gov.in/AcResultGenDecNew2023/candidateswise-S12225.htm
Processing page: https://results.eci.gov.in/AcResultGenDecNew2023/candidateswise-S12226.htm
Processing page: https://results.eci.gov.in/AcResultGenDecNew2023/candidateswise-S12227.htm
Processing page: https://results.eci.gov.in/AcResultGenDecNew2023/candidateswise-S12228.htm
Processing page: https://results.eci.gov.in/AcResultGenDecNew2023/candidateswise-S12229.htm
Processing page: https://results.eci.gov.in/AcResultGenDecNew2023/candidateswise-S1223.htm
Processing page: https://results.eci.gov.in/AcResultGenDecNew2023/candidateswise-S12230.htm
Processing page: https://results.eci.gov.in/AcResultGenDecNew2023/candidateswise-S1224.htm
Processing page: https://results.eci.gov.in/AcResultGenDecNew2023/candidateswise-S1225.htm
Processing page: https://results.eci.gov.in/AcResultGenDecNew2023/candidateswise-S1226.htm
Processing page: https://results.eci.gov.in/AcResultGenDecNew2023/candidateswise-S1227.htm
Processing page: https://results.eci.gov.in/AcResultGenDecNew2023/candidateswise-S1228.htm
Processing page: https://results.eci.gov.in/AcResultGenDecNew2023/candidateswise-S1229.htm
Processing page: https://results.eci.gov.in/AcResultGenDecNew2023/candidateswise-S123.htm
Processing page: https://results.eci.gov.in/AcResultGenDecNew2023/candidateswise-S1230.htm
Processing page: https://results.eci.gov.in/AcResultGenDecNew2023/candidateswise-S1231.htm
Processing page: https://results.eci.gov.in/AcResultGenDecNew2023/candidateswise-S1232.htm
Processing page: https://results.eci.gov.in/AcResultGenDecNew2023/candidateswise-S1233.htm
Processing page: https://results.eci.gov.in/AcResultGenDecNew2023/candidateswise-S1234.htm
Processing page: https://results.eci.gov.in/AcResultGenDecNew2023/candidateswise-S1235.htm
Processing page: https://results.eci.gov.in/AcResultGenDecNew2023/candidateswise-S1236.htm
Processing page: https://results.eci.gov.in/AcResultGenDecNew2023/candidateswise-S1237.htm
Processing page: https://results.eci.gov.in/AcResultGenDecNew2023/candidateswise-S1238.htm
Processing page: https://results.eci.gov.in/AcResultGenDecNew2023/candidateswise-S1239.htm
Processing page: https://results.eci.gov.in/AcResultGenDecNew2023/candidateswise-S124.htm
Processing page: https://results.eci.gov.in/AcResultGenDecNew2023/candidateswise-S1240.htm
Processing page: https://results.eci.gov.in/AcResultGenDecNew2023/candidateswise-S1241.htm
Processing page: https://results.eci.gov.in/AcResultGenDecNew2023/candidateswise-S1242.htm
Processing page: https://results.eci.gov.in/AcResultGenDecNew2023/candidateswise-S1243.htm
Processing page: https://results.eci.gov.in/AcResultGenDecNew2023/candidateswise-S1244.htm
Processing page: https://results.eci.gov.in/AcResultGenDecNew2023/candidateswise-S1245.htm
Processing page: https://results.eci.gov.in/AcResultGenDecNew2023/candidateswise-S1246.htm
Processing page: https://results.eci.gov.in/AcResultGenDecNew2023/candidateswise-S1247.htm
Processing page: https://results.eci.gov.in/AcResultGenDecNew2023/candidateswise-S1248.htm
Processing page: https://results.eci.gov.in/AcResultGenDecNew2023/candidateswise-S1249.htm
Processing page: https://results.eci.gov.in/AcResultGenDecNew2023/candidateswise-S125.htm
Processing page: https://results.eci.gov.in/AcResultGenDecNew2023/candidateswise-S1250.htm
Processing page: https://results.eci.gov.in/AcResultGenDecNew2023/candidateswise-S1251.htm
Processing page: https://results.eci.gov.in/AcResultGenDecNew2023/candidateswise-S1252.htm
Processing page: https://results.eci.gov.in/AcResultGenDecNew2023/candidateswise-S1253.htm
Processing page: https://results.eci.gov.in/AcResultGenDecNew2023/candidateswise-S1254.htm
Processing page: https://results.eci.gov.in/AcResultGenDecNew2023/candidateswise-S1255.htm
Processing page: https://results.eci.gov.in/AcResultGenDecNew2023/candidateswise-S1256.htm
Processing page: https://results.eci.gov.in/AcResultGenDecNew2023/candidateswise-S1257.htm
Processing page: https://results.eci.gov.in/AcResultGenDecNew2023/candidateswise-S1258.htm
Processing page: https://results.eci.gov.in/AcResultGenDecNew2023/candidateswise-S1259.htm
Processing page: https://results.eci.gov.in/AcResultGenDecNew2023/candidateswise-S126.htm
Processing page: https://results.eci.gov.in/AcResultGenDecNew2023/candidateswise-S1260.htm
Processing page: https://results.eci.gov.in/AcResultGenDecNew2023/candidateswise-S1261.htm
Processing page: https://results.eci.gov.in/AcResultGenDecNew2023/candidateswise-S1262.htm
Processing page: https://results.eci.gov.in/AcResultGenDecNew2023/candidateswise-S1263.htm
Processing page: https://results.eci.gov.in/AcResultGenDecNew2023/candidateswise-S1264.htm
Processing page: https://results.eci.gov.in/AcResultGenDecNew2023/candidateswise-S1265.htm
Processing page: https://results.eci.gov.in/AcResultGenDecNew2023/candidateswise-S1266.htm
Processing page: https://results.eci.gov.in/AcResultGenDecNew2023/candidateswise-S1267.htm
Processing page: https://results.eci.gov.in/AcResultGenDecNew2023/candidateswise-S1268.htm
Processing page: https://results.eci.gov.in/AcResultGenDecNew2023/candidateswise-S1269.htm
Processing page: https://results.eci.gov.in/AcResultGenDecNew2023/candidateswise-S127.htm
Processing page: https://results.eci.gov.in/AcResultGenDecNew2023/candidateswise-S1270.htm
Processing page: https://results.eci.gov.in/AcResultGenDecNew2023/candidateswise-S1271.htm
Processing page: https://results.eci.gov.in/AcResultGenDecNew2023/candidateswise-S1272.htm
Processing page: https://results.eci.gov.in/AcResultGenDecNew2023/candidateswise-S1273.htm
Processing page: https://results.eci.gov.in/AcResultGenDecNew2023/candidateswise-S1274.htm
Processing page: https://results.eci.gov.in/AcResultGenDecNew2023/candidateswise-S1275.htm
Processing page: https://results.eci.gov.in/AcResultGenDecNew2023/candidateswise-S1276.htm
Processing page: https://results.eci.gov.in/AcResultGenDecNew2023/candidateswise-S1277.htm
Processing page: https://results.eci.gov.in/AcResultGenDecNew2023/candidateswise-S1278.htm
Processing page: https://results.eci.gov.in/AcResultGenDecNew2023/candidateswise-S1279.htm
Processing page: https://results.eci.gov.in/AcResultGenDecNew2023/candidateswise-S128.htm
Processing page: https://results.eci.gov.in/AcResultGenDecNew2023/candidateswise-S1280.htm
Processing page: https://results.eci.gov.in/AcResultGenDecNew2023/candidateswise-S1281.htm
Processing page: https://results.eci.gov.in/AcResultGenDecNew2023/candidateswise-S1282.htm
Processing page: https://results.eci.gov.in/AcResultGenDecNew2023/candidateswise-S1283.htm
Processing page: https://results.eci.gov.in/AcResultGenDecNew2023/candidateswise-S1284.htm
Processing page: https://results.eci.gov.in/AcResultGenDecNew2023/candidateswise-S1285.htm
Processing page: https://results.eci.gov.in/AcResultGenDecNew2023/candidateswise-S1286.htm
Processing page: https://results.eci.gov.in/AcResultGenDecNew2023/candidateswise-S1287.htm
Processing page: https://results.eci.gov.in/AcResultGenDecNew2023/candidateswise-S1288.htm
Processing page: https://results.eci.gov.in/AcResultGenDecNew2023/candidateswise-S1289.htm
Processing page: https://results.eci.gov.in/AcResultGenDecNew2023/candidateswise-S129.htm
Processing page: https://results.eci.gov.in/AcResultGenDecNew2023/candidateswise-S1290.htm
Processing page: https://results.eci.gov.in/AcResultGenDecNew2023/candidateswise-S1291.htm
Processing page: https://results.eci.gov.in/AcResultGenDecNew2023/candidateswise-S1292.htm
Processing page: https://results.eci.gov.in/AcResultGenDecNew2023/candidateswise-S1293.htm
Processing page: https://results.eci.gov.in/AcResultGenDecNew2023/candidateswise-S1294.htm
Processing page: https://results.eci.gov.in/AcResultGenDecNew2023/candidateswise-S1295.htm
Processing page: https://results.eci.gov.in/AcResultGenDecNew2023/candidateswise-S1296.htm
Processing page: https://results.eci.gov.in/AcResultGenDecNew2023/candidateswise-S1297.htm
Processing page: https://results.eci.gov.in/AcResultGenDecNew2023/candidateswise-S1298.htm
Processing page: https://results.eci.gov.in/AcResultGenDecNew2023/candidateswise-S1299.htm
Processing page: https://results.eci.gov.in/AcResultGenDecNew2023/candidateswise-S291.htm
Processing page: https://results.eci.gov.in/AcResultGenDecNew2023/candidateswise-S2910.htm
Processing page: https://results.eci.gov.in/AcResultGenDecNew2023/candidateswise-S29100.htm
Processing page: https://results.eci.gov.in/AcResultGenDecNew2023/candidateswise-S29101.htm
Processing page: https://results.eci.gov.in/AcResultGenDecNew2023/candidateswise-S29102.htm
Processing page: https://results.eci.gov.in/AcResultGenDecNew2023/candidateswise-S29103.htm
Processing page: https://results.eci.gov.in/AcResultGenDecNew2023/candidateswise-S29104.htm
Processing page: https://results.eci.gov.in/AcResultGenDecNew2023/candidateswise-S29105.htm
Processing page: https://results.eci.gov.in/AcResultGenDecNew2023/candidateswise-S29106.htm
Processing page: https://results.eci.gov.in/AcResultGenDecNew2023/candidateswise-S29107.htm
Processing page: https://results.eci.gov.in/AcResultGenDecNew2023/candidateswise-S29108.htm
Processing page: https://results.eci.gov.in/AcResultGenDecNew2023/candidateswise-S29109.htm
Processing page: https://results.eci.gov.in/AcResultGenDecNew2023/candidateswise-S2911.htm
Processing page: https://results.eci.gov.in/AcResultGenDecNew2023/candidateswise-S29110.htm
Processing page: https://results.eci.gov.in/AcResultGenDecNew2023/candidateswise-S29111.htm
Processing page: https://results.eci.gov.in/AcResultGenDecNew2023/candidateswise-S29112.htm
Processing page: https://results.eci.gov.in/AcResultGenDecNew2023/candidateswise-S29113.htm
Processing page: https://results.eci.gov.in/AcResultGenDecNew2023/candidateswise-S29114.htm
Processing page: https://results.eci.gov.in/AcResultGenDecNew2023/candidateswise-S29115.htm
Processing page: https://results.eci.gov.in/AcResultGenDecNew2023/candidateswise-S29116.htm
Processing page: https://results.eci.gov.in/AcResultGenDecNew2023/candidateswise-S29117.htm
Processing page: https://results.eci.gov.in/AcResultGenDecNew2023/candidateswise-S29118.htm
Processing page: https://results.eci.gov.in/AcResultGenDecNew2023/candidateswise-S29119.htm
Processing page: https://results.eci.gov.in/AcResultGenDecNew2023/candidateswise-S2912.htm
Processing page: https://results.eci.gov.in/AcResultGenDecNew2023/candidateswise-S2913.htm
Processing page: https://results.eci.gov.in/AcResultGenDecNew2023/candidateswise-S2914.htm
Processing page: https://results.eci.gov.in/AcResultGenDecNew2023/candidateswise-S2915.htm
Processing page: https://results.eci.gov.in/AcResultGenDecNew2023/candidateswise-S2916.htm
Processing page: https://results.eci.gov.in/AcResultGenDecNew2023/candidateswise-S2917.htm
Processing page: https://results.eci.gov.in/AcResultGenDecNew2023/candidateswise-S2918.htm
Processing page: https://results.eci.gov.in/AcResultGenDecNew2023/candidateswise-S2919.htm
Processing page: https://results.eci.gov.in/AcResultGenDecNew2023/candidateswise-S292.htm
Processing page: https://results.eci.gov.in/AcResultGenDecNew2023/candidateswise-S2920.htm
Processing page: https://results.eci.gov.in/AcResultGenDecNew2023/candidateswise-S2921.htm
Processing page: https://results.eci.gov.in/AcResultGenDecNew2023/candidateswise-S2922.htm
Processing page: https://results.eci.gov.in/AcResultGenDecNew2023/candidateswise-S2923.htm
Processing page: https://results.eci.gov.in/AcResultGenDecNew2023/candidateswise-S2924.htm
Processing page: https://results.eci.gov.in/AcResultGenDecNew2023/candidateswise-S2925.htm
Processing page: https://results.eci.gov.in/AcResultGenDecNew2023/candidateswise-S2926.htm
Processing page: https://results.eci.gov.in/AcResultGenDecNew2023/candidateswise-S2927.htm
Processing page: https://results.eci.gov.in/AcResultGenDecNew2023/candidateswise-S2928.htm
Processing page: https://results.eci.gov.in/AcResultGenDecNew2023/candidateswise-S2929.htm
Processing page: https://results.eci.gov.in/AcResultGenDecNew2023/candidateswise-S293.htm
Processing page: https://results.eci.gov.in/AcResultGenDecNew2023/candidateswise-S2930.htm
Processing page: https://results.eci.gov.in/AcResultGenDecNew2023/candidateswise-S2931.htm
Processing page: https://results.eci.gov.in/AcResultGenDecNew2023/candidateswise-S2932.htm
Processing page: https://results.eci.gov.in/AcResultGenDecNew2023/candidateswise-S2933.htm
Processing page: https://results.eci.gov.in/AcResultGenDecNew2023/candidateswise-S2934.htm
Processing page: https://results.eci.gov.in/AcResultGenDecNew2023/candidateswise-S2935.htm
Processing page: https://results.eci.gov.in/AcResultGenDecNew2023/candidateswise-S2936.htm
Processing page: https://results.eci.gov.in/AcResultGenDecNew2023/candidateswise-S2937.htm
Processing page: https://results.eci.gov.in/AcResultGenDecNew2023/candidateswise-S2938.htm
Processing page: https://results.eci.gov.in/AcResultGenDecNew2023/candidateswise-S2939.htm
Processing page: https://results.eci.gov.in/AcResultGenDecNew2023/candidateswise-S294.htm
Processing page: https://results.eci.gov.in/AcResultGenDecNew2023/candidateswise-S2940.htm
Processing page: https://results.eci.gov.in/AcResultGenDecNew2023/candidateswise-S2941.htm
Processing page: https://results.eci.gov.in/AcResultGenDecNew2023/candidateswise-S2942.htm
Processing page: https://results.eci.gov.in/AcResultGenDecNew2023/candidateswise-S2943.htm
Processing page: https://results.eci.gov.in/AcResultGenDecNew2023/candidateswise-S2944.htm
Processing page: https://results.eci.gov.in/AcResultGenDecNew2023/candidateswise-S2945.htm
Processing page: https://results.eci.gov.in/AcResultGenDecNew2023/candidateswise-S2946.htm
Processing page: https://results.eci.gov.in/AcResultGenDecNew2023/candidateswise-S2947.htm
Processing page: https://results.eci.gov.in/AcResultGenDecNew2023/candidateswise-S2948.htm
Processing page: https://results.eci.gov.in/AcResultGenDecNew2023/candidateswise-S2949.htm
Processing page: https://results.eci.gov.in/AcResultGenDecNew2023/candidateswise-S295.htm
Processing page: https://results.eci.gov.in/AcResultGenDecNew2023/candidateswise-S2950.htm
Processing page: https://results.eci.gov.in/AcResultGenDecNew2023/candidateswise-S2951.htm
Processing page: https://results.eci.gov.in/AcResultGenDecNew2023/candidateswise-S2952.htm
Processing page: https://results.eci.gov.in/AcResultGenDecNew2023/candidateswise-S2953.htm
Processing page: https://results.eci.gov.in/AcResultGenDecNew2023/candidateswise-S2954.htm
Processing page: https://results.eci.gov.in/AcResultGenDecNew2023/candidateswise-S2955.htm
Processing page: https://results.eci.gov.in/AcResultGenDecNew2023/candidateswise-S2956.htm
Processing page: https://results.eci.gov.in/AcResultGenDecNew2023/candidateswise-S2957.htm
Processing page: https://results.eci.gov.in/AcResultGenDecNew2023/candidateswise-S2958.htm
Processing page: https://results.eci.gov.in/AcResultGenDecNew2023/candidateswise-S2959.htm
Processing page: https://results.eci.gov.in/AcResultGenDecNew2023/candidateswise-S296.htm
Processing page: https://results.eci.gov.in/AcResultGenDecNew2023/candidateswise-S2960.htm
Processing page: https://results.eci.gov.in/AcResultGenDecNew2023/candidateswise-S2961.htm
Processing page: https://results.eci.gov.in/AcResultGenDecNew2023/candidateswise-S2962.htm
Processing page: https://results.eci.gov.in/AcResultGenDecNew2023/candidateswise-S2963.htm
Processing page: https://results.eci.gov.in/AcResultGenDecNew2023/candidateswise-S2964.htm
Processing page: https://results.eci.gov.in/AcResultGenDecNew2023/candidateswise-S2965.htm
Processing page: https://results.eci.gov.in/AcResultGenDecNew2023/candidateswise-S2966.htm
Processing page: https://results.eci.gov.in/AcResultGenDecNew2023/candidateswise-S2967.htm
Processing page: https://results.eci.gov.in/AcResultGenDecNew2023/candidateswise-S2968.htm
Processing page: https://results.eci.gov.in/AcResultGenDecNew2023/candidateswise-S2969.htm
Processing page: https://results.eci.gov.in/AcResultGenDecNew2023/candidateswise-S297.htm
Processing page: https://results.eci.gov.in/AcResultGenDecNew2023/candidateswise-S2970.htm
Processing page: https://results.eci.gov.in/AcResultGenDecNew2023/candidateswise-S2971.htm
Processing page: https://results.eci.gov.in/AcResultGenDecNew2023/candidateswise-S2972.htm
Processing page: https://results.eci.gov.in/AcResultGenDecNew2023/candidateswise-S2973.htm
Processing page: https://results.eci.gov.in/AcResultGenDecNew2023/candidateswise-S2974.htm
Processing page: https://results.eci.gov.in/AcResultGenDecNew2023/candidateswise-S2975.htm
Processing page: https://results.eci.gov.in/AcResultGenDecNew2023/candidateswise-S2976.htm
Processing page: https://results.eci.gov.in/AcResultGenDecNew2023/candidateswise-S2977.htm
Processing page: https://results.eci.gov.in/AcResultGenDecNew2023/candidateswise-S2978.htm
Processing page: https://results.eci.gov.in/AcResultGenDecNew2023/candidateswise-S2979.htm
Processing page: https://results.eci.gov.in/AcResultGenDecNew2023/candidateswise-S298.htm
Processing page: https://results.eci.gov.in/AcResultGenDecNew2023/candidateswise-S2980.htm
Processing page: https://results.eci.gov.in/AcResultGenDecNew2023/candidateswise-S2981.htm
Processing page: https://results.eci.gov.in/AcResultGenDecNew2023/candidateswise-S2982.htm
Processing page: https://results.eci.gov.in/AcResultGenDecNew2023/candidateswise-S2983.htm
Processing page: https://results.eci.gov.in/AcResultGenDecNew2023/candidateswise-S2984.htm
Processing page: https://results.eci.gov.in/AcResultGenDecNew2023/candidateswise-S2985.htm
Processing page: https://results.eci.gov.in/AcResultGenDecNew2023/candidateswise-S2986.htm
Processing page: https://results.eci.gov.in/AcResultGenDecNew2023/candidateswise-S2987.htm
Processing page: https://results.eci.gov.in/AcResultGenDecNew2023/candidateswise-S2988.htm
Processing page: https://results.eci.gov.in/AcResultGenDecNew2023/candidateswise-S2989.htm
Processing page: https://results.eci.gov.in/AcResultGenDecNew2023/candidateswise-S299.htm
Processing page: https://results.eci.gov.in/AcResultGenDecNew2023/candidateswise-S2990.htm
Processing page: https://results.eci.gov.in/AcResultGenDecNew2023/candidateswise-S2991.htm
Processing page: https://results.eci.gov.in/AcResultGenDecNew2023/candidateswise-S2992.htm
Processing page: https://results.eci.gov.in/AcResultGenDecNew2023/candidateswise-S2993.htm
Processing page: https://results.eci.gov.in/AcResultGenDecNew2023/candidateswise-S2994.htm
Processing page: https://results.eci.gov.in/AcResultGenDecNew2023/candidateswise-S2995.htm
Processing page: https://results.eci.gov.in/AcResultGenDecNew2023/candidateswise-S2996.htm
Processing page: https://results.eci.gov.in/AcResultGenDecNew2023/candidateswise-S2997.htm
Processing page: https://results.eci.gov.in/AcResultGenDecNew2023/candidateswise-S2998.htm
Processing page: https://results.eci.gov.in/AcResultGenDecNew2023/candidateswise-S2999.htm
Processing page: https://results.eci.gov.in/AcResultGenDecNew2023/candidateswise-S261.htm
Processing page: https://results.eci.gov.in/AcResultGenDecNew2023/candidateswise-S2610.htm
Processing page: https://results.eci.gov.in/AcResultGenDecNew2023/candidateswise-S2611.htm
Processing page: https://results.eci.gov.in/AcResultGenDecNew2023/candidateswise-S2612.htm
Processing page: https://results.eci.gov.in/AcResultGenDecNew2023/candidateswise-S2613.htm
Processing page: https://results.eci.gov.in/AcResultGenDecNew2023/candidateswise-S2614.htm
Processing page: https://results.eci.gov.in/AcResultGenDecNew2023/candidateswise-S2615.htm
Processing page: https://results.eci.gov.in/AcResultGenDecNew2023/candidateswise-S2616.htm
Processing page: https://results.eci.gov.in/AcResultGenDecNew2023/candidateswise-S2617.htm
Processing page: https://results.eci.gov.in/AcResultGenDecNew2023/candidateswise-S2618.htm
Processing page: https://results.eci.gov.in/AcResultGenDecNew2023/candidateswise-S2619.htm
Processing page: https://results.eci.gov.in/AcResultGenDecNew2023/candidateswise-S262.htm
Processing page: https://results.eci.gov.in/AcResultGenDecNew2023/candidateswise-S2620.htm
Processing page: https://results.eci.gov.in/AcResultGenDecNew2023/candidateswise-S2621.htm
Processing page: https://results.eci.gov.in/AcResultGenDecNew2023/candidateswise-S2622.htm
Processing page: https://results.eci.gov.in/AcResultGenDecNew2023/candidateswise-S2623.htm
Processing page: https://results.eci.gov.in/AcResultGenDecNew2023/candidateswise-S2624.htm
Processing page: https://results.eci.gov.in/AcResultGenDecNew2023/candidateswise-S2625.htm
Processing page: https://results.eci.gov.in/AcResultGenDecNew2023/candidateswise-S2626.htm
Processing page: https://results.eci.gov.in/AcResultGenDecNew2023/candidateswise-S2627.htm
Processing page: https://results.eci.gov.in/AcResultGenDecNew2023/candidateswise-S2628.htm
Processing page: https://results.eci.gov.in/AcResultGenDecNew2023/candidateswise-S2629.htm
Processing page: https://results.eci.gov.in/AcResultGenDecNew2023/candidateswise-S263.htm
Processing page: https://results.eci.gov.in/AcResultGenDecNew2023/candidateswise-S2630.htm
Processing page: https://results.eci.gov.in/AcResultGenDecNew2023/candidateswise-S2631.htm
Processing page: https://results.eci.gov.in/AcResultGenDecNew2023/candidateswise-S2632.htm
Processing page: https://results.eci.gov.in/AcResultGenDecNew2023/candidateswise-S2633.htm
Processing page: https://results.eci.gov.in/AcResultGenDecNew2023/candidateswise-S2634.htm
Processing page: https://results.eci.gov.in/AcResultGenDecNew2023/candidateswise-S2635.htm
Processing page: https://results.eci.gov.in/AcResultGenDecNew2023/candidateswise-S2636.htm
Processing page: https://results.eci.gov.in/AcResultGenDecNew2023/candidateswise-S2637.htm
Processing page: https://results.eci.gov.in/AcResultGenDecNew2023/candidateswise-S2638.htm
Processing page: https://results.eci.gov.in/AcResultGenDecNew2023/candidateswise-S2639.htm
Processing page: https://results.eci.gov.in/AcResultGenDecNew2023/candidateswise-S264.htm
Processing page: https://results.eci.gov.in/AcResultGenDecNew2023/candidateswise-S2640.htm
Processing page: https://results.eci.gov.in/AcResultGenDecNew2023/candidateswise-S2641.htm
Processing page: https://results.eci.gov.in/AcResultGenDecNew2023/candidateswise-S2642.htm
Processing page: https://results.eci.gov.in/AcResultGenDecNew2023/candidateswise-S2643.htm
Processing page: https://results.eci.gov.in/AcResultGenDecNew2023/candidateswise-S2644.htm
Processing page: https://results.eci.gov.in/AcResultGenDecNew2023/candidateswise-S2645.htm
Processing page: https://results.eci.gov.in/AcResultGenDecNew2023/candidateswise-S2646.htm
Processing page: https://results.eci.gov.in/AcResultGenDecNew2023/candidateswise-S2647.htm
Processing page: https://results.eci.gov.in/AcResultGenDecNew2023/candidateswise-S2648.htm
Processing page: https://results.eci.gov.in/AcResultGenDecNew2023/candidateswise-S2649.htm
Processing page: https://results.eci.gov.in/AcResultGenDecNew2023/candidateswise-S265.htm
Processing page: https://results.eci.gov.in/AcResultGenDecNew2023/candidateswise-S2650.htm
Processing page: https://results.eci.gov.in/AcResultGenDecNew2023/candidateswise-S2651.htm
Processing page: https://results.eci.gov.in/AcResultGenDecNew2023/candidateswise-S2652.htm
Processing page: https://results.eci.gov.in/AcResultGenDecNew2023/candidateswise-S2653.htm
Processing page: https://results.eci.gov.in/AcResultGenDecNew2023/candidateswise-S2654.htm
Processing page: https://results.eci.gov.in/AcResultGenDecNew2023/candidateswise-S2655.htm
Processing page: https://results.eci.gov.in/AcResultGenDecNew2023/candidateswise-S2656.htm
Processing page: https://results.eci.gov.in/AcResultGenDecNew2023/candidateswise-S2657.htm
Processing page: https://results.eci.gov.in/AcResultGenDecNew2023/candidateswise-S2658.htm
Processing page: https://results.eci.gov.in/AcResultGenDecNew2023/candidateswise-S2659.htm
Processing page: https://results.eci.gov.in/AcResultGenDecNew2023/candidateswise-S266.htm
Processing page: https://results.eci.gov.in/AcResultGenDecNew2023/candidateswise-S2660.htm
Processing page: https://results.eci.gov.in/AcResultGenDecNew2023/candidateswise-S2661.htm
Processing page: https://results.eci.gov.in/AcResultGenDecNew2023/candidateswise-S2662.htm
Processing page: https://results.eci.gov.in/AcResultGenDecNew2023/candidateswise-S2663.htm
Processing page: https://results.eci.gov.in/AcResultGenDecNew2023/candidateswise-S2664.htm
Processing page: https://results.eci.gov.in/AcResultGenDecNew2023/candidateswise-S2665.htm
Processing page: https://results.eci.gov.in/AcResultGenDecNew2023/candidateswise-S2666.htm
Processing page: https://results.eci.gov.in/AcResultGenDecNew2023/candidateswise-S2667.htm
Processing page: https://results.eci.gov.in/AcResultGenDecNew2023/candidateswise-S2668.htm
Processing page: https://results.eci.gov.in/AcResultGenDecNew2023/candidateswise-S2669.htm
Processing page: https://results.eci.gov.in/AcResultGenDecNew2023/candidateswise-S267.htm
Processing page: https://results.eci.gov.in/AcResultGenDecNew2023/candidateswise-S2670.htm
Processing page: https://results.eci.gov.in/AcResultGenDecNew2023/candidateswise-S2671.htm
Processing page: https://results.eci.gov.in/AcResultGenDecNew2023/candidateswise-S2672.htm
Processing page: https://results.eci.gov.in/AcResultGenDecNew2023/candidateswise-S2673.htm
Processing page: https://results.eci.gov.in/AcResultGenDecNew2023/candidateswise-S2674.htm
Processing page: https://results.eci.gov.in/AcResultGenDecNew2023/candidateswise-S2675.htm
Processing page: https://results.eci.gov.in/AcResultGenDecNew2023/candidateswise-S2676.htm
Processing page: https://results.eci.gov.in/AcResultGenDecNew2023/candidateswise-S2677.htm
Processing page: https://results.eci.gov.in/AcResultGenDecNew2023/candidateswise-S2678.htm
Processing page: https://results.eci.gov.in/AcResultGenDecNew2023/candidateswise-S2679.htm
Processing page: https://results.eci.gov.in/AcResultGenDecNew2023/candidateswise-S268.htm
Processing page: https://results.eci.gov.in/AcResultGenDecNew2023/candidateswise-S2680.htm
Processing page: https://results.eci.gov.in/AcResultGenDecNew2023/candidateswise-S2681.htm
Processing page: https://results.eci.gov.in/AcResultGenDecNew2023/candidateswise-S2682.htm
Processing page: https://results.eci.gov.in/AcResultGenDecNew2023/candidateswise-S2683.htm
Processing page: https://results.eci.gov.in/AcResultGenDecNew2023/candidateswise-S2684.htm
Processing page: https://results.eci.gov.in/AcResultGenDecNew2023/candidateswise-S2685.htm
Processing page: https://results.eci.gov.in/AcResultGenDecNew2023/candidateswise-S2686.htm
Processing page: https://results.eci.gov.in/AcResultGenDecNew2023/candidateswise-S2687.htm
Processing page: https://results.eci.gov.in/AcResultGenDecNew2023/candidateswise-S2688.htm
Processing page: https://results.eci.gov.in/AcResultGenDecNew2023/candidateswise-S2689.htm
Processing page: https://results.eci.gov.in/AcResultGenDecNew2023/candidateswise-S269.htm
Processing page: https://results.eci.gov.in/AcResultGenDecNew2023/candidateswise-S2690.htm
